{"error":{"code":"23503","constraint":"invoices_client_id_fkey","detail":"Key (client_id)=(1) is not present in table \"clients\".","file":"ri_triggers.c","length":262,"line":"2599","name":"error","routine":"ri_ReportViolation","schema":"public","severity":"ERROR","table":"invoices"},"level":"error","message":"Error creating invoice","timestamp":"2025-12-04T18:57:42.368Z"}
{"error":{"code":"23503","constraint":"invoices_client_id_fkey","detail":"Key (client_id)=(1) is not present in table \"clients\".","file":"ri_triggers.c","length":262,"line":"2599","name":"error","routine":"ri_ReportViolation","schema":"public","severity":"ERROR","table":"invoices"},"level":"error","message":"Error creating invoice","timestamp":"2025-12-04T19:00:04.366Z"}
{"error":{"code":"23503","constraint":"invoices_client_id_fkey","detail":"Key (client_id)=(1) is not present in table \"clients\".","file":"ri_triggers.c","length":262,"line":"2599","name":"error","routine":"ri_ReportViolation","schema":"public","severity":"ERROR","table":"invoices"},"level":"error","message":"Error creating invoice","timestamp":"2025-12-04T19:00:23.206Z"}
{"error":{"code":"23503","constraint":"invoices_client_id_fkey","detail":"Key (client_id)=(1) is not present in table \"clients\".","file":"ri_triggers.c","length":262,"line":"2599","name":"error","routine":"ri_ReportViolation","schema":"public","severity":"ERROR","table":"invoices"},"level":"error","message":"Error creating invoice","timestamp":"2025-12-04T19:02:13.242Z"}
{"invoiceId":5,"level":"info","message":"Invoice created","timestamp":"2025-12-04T19:06:16.680Z","total":1062}
{"invoiceId":6,"level":"info","message":"Invoice created","timestamp":"2025-12-05T13:13:45.495Z","total":1770}
{"invoiceId":7,"level":"info","message":"Invoice created","timestamp":"2025-12-05T14:49:05.998Z","total":1770}
{"error":{"code":"23503","constraint":"invoice_items_product_id_fkey","detail":"Key (product_id)=(1) is not present in table \"products\".","file":"ri_triggers.c","length":286,"line":"2599","name":"error","routine":"ri_ReportViolation","schema":"public","severity":"ERROR","table":"invoice_items"},"level":"error","message":"Error creating invoice","timestamp":"2025-12-05T15:00:04.744Z"}
{"error":{"code":"23503","constraint":"invoice_items_product_id_fkey","detail":"Key (product_id)=(1) is not present in table \"products\".","file":"ri_triggers.c","length":286,"line":"2599","name":"error","routine":"ri_ReportViolation","schema":"public","severity":"ERROR","table":"invoice_items"},"level":"error","message":"Error creating invoice","timestamp":"2025-12-05T15:00:05.165Z"}
{"error":{"code":"23503","constraint":"invoice_items_product_id_fkey","detail":"Key (product_id)=(1) is not present in table \"products\".","file":"ri_triggers.c","length":286,"line":"2599","name":"error","routine":"ri_ReportViolation","schema":"public","severity":"ERROR","table":"invoice_items"},"level":"error","message":"Error creating invoice","timestamp":"2025-12-05T15:00:08.924Z"}
{"error":{"code":"23503","constraint":"invoice_items_product_id_fkey","detail":"Key (product_id)=(1) is not present in table \"products\".","file":"ri_triggers.c","length":286,"line":"2599","name":"error","routine":"ri_ReportViolation","schema":"public","severity":"ERROR","table":"invoice_items"},"level":"error","message":"Error creating invoice","timestamp":"2025-12-05T15:00:36.616Z"}
{"invoiceId":5,"level":"info","message":"Invoice created","timestamp":"2025-12-05T15:01:30.078Z","total":590}
{"invoiceId":6,"level":"info","message":"Invoice created","timestamp":"2025-12-05T15:18:30.820Z","total":5900}
{"invoiceId":7,"level":"info","message":"Invoice created","timestamp":"2025-12-05T18:40:04.592Z","total":2950}
{"invoiceId":8,"level":"info","message":"Invoice created","timestamp":"2025-12-05T18:49:23.145Z","total":2950}
{"error":{"code":"23503","constraint":"invoice_items_product_id_fkey","detail":"Key (product_id)=(0) is not present in table \"products\".","file":"ri_triggers.c","length":286,"line":"2599","name":"error","routine":"ri_ReportViolation","schema":"public","severity":"ERROR","table":"invoice_items"},"level":"error","message":"Error creating invoice","timestamp":"2025-12-05T18:54:54.569Z"}
{"error":{"code":"23503","constraint":"invoice_items_product_id_fkey","detail":"Key (product_id)=(0) is not present in table \"products\".","file":"ri_triggers.c","length":286,"line":"2599","name":"error","routine":"ri_ReportViolation","schema":"public","severity":"ERROR","table":"invoice_items"},"level":"error","message":"Error creating invoice","timestamp":"2025-12-05T18:56:07.407Z"}
{"error":{"code":"23503","constraint":"invoice_items_product_id_fkey","detail":"Key (product_id)=(0) is not present in table \"products\".","file":"ri_triggers.c","length":286,"line":"2599","name":"error","routine":"ri_ReportViolation","schema":"public","severity":"ERROR","table":"invoice_items"},"level":"error","message":"Error creating invoice","timestamp":"2025-12-05T18:56:24.609Z"}
{"invoiceId":12,"level":"info","message":"Invoice created","timestamp":"2025-12-05T18:56:36.494Z","total":1770}
{"invoiceId":13,"level":"info","message":"Invoice created","tenantId":1,"timestamp":"2025-12-05T19:14:40.428Z","total":1770}
{"invoiceId":14,"level":"info","message":"Invoice created","tenantId":9,"timestamp":"2025-12-05T20:02:47.016Z","total":177000}
{"invoiceId":15,"level":"info","message":"Invoice created","tenantId":9,"timestamp":"2025-12-09T17:38:45.455Z","total":177000}
{"invoiceId":16,"level":"info","message":"Invoice created","tenantId":10,"timestamp":"2025-12-09T20:51:04.069Z","total":826000}
{"invoiceId":17,"level":"info","message":"Invoice created","tenantId":10,"timestamp":"2025-12-09T20:53:03.371Z","total":1652000}
{"invoiceId":18,"level":"info","message":"Invoice created","tenantId":10,"timestamp":"2025-12-09T20:54:30.715Z","total":2065000}
{"invoiceId":19,"level":"info","message":"Invoice created","tenantId":10,"timestamp":"2025-12-10T14:34:09.044Z","total":0}
{"error":{},"level":"error","message":"Error generating NCF","tenantId":14,"timestamp":"2025-12-30T15:18:34.760Z","typeCode":"31"}
{"error":{},"level":"error","message":"Error generating NCF","tenantId":15,"timestamp":"2025-12-30T15:19:08.741Z","typeCode":"31"}
{"error":{},"level":"error","message":"Error generating NCF","tenantId":15,"timestamp":"2025-12-30T15:27:19.081Z","typeCode":"31"}
{"invoiceId":37,"level":"info","message":"Invoice created","tenantId":15,"timestamp":"2025-12-30T15:29:29.033Z","total":590}
{"error":{},"level":"error","message":"Error generating NCF","tenantId":15,"timestamp":"2025-12-30T15:40:27.481Z","typeCode":"31"}
{"error":{},"level":"error","message":"Error generating NCF","tenantId":15,"timestamp":"2025-12-30T15:43:38.854Z","typeCode":"31"}
{"error":{},"level":"error","message":"Error generating NCF","tenantId":15,"timestamp":"2025-12-30T15:58:16.026Z","typeCode":"31"}
{"error":{},"level":"error","message":"Error generating NCF","tenantId":15,"timestamp":"2025-12-30T16:03:38.550Z","typeCode":"31"}
{"error":{},"level":"error","message":"Error generating NCF","tenantId":15,"timestamp":"2025-12-30T16:03:51.207Z","typeCode":"31"}
{"error":{},"level":"error","message":"Error issuing invoice immediately","timestamp":"2025-12-30T16:03:51.208Z"}
{"error":{},"level":"error","message":"Error generating NCF","tenantId":15,"timestamp":"2025-12-30T16:04:41.985Z","typeCode":"31"}
{"error":{},"level":"error","message":"Error issuing invoice immediately","timestamp":"2025-12-30T16:04:41.988Z"}
{"invoiceId":40,"level":"info","message":"Payment recorded","paymentId":1,"timestamp":"2025-12-30T16:16:06.162Z"}
